GET /favicon.ico 404 150 - 5.620 ms
GET /add_user 404 147 - 1.907 ms
GET /favicon.ico 500 257 - 20.400 ms
GET /favicon.ico 500 257 - 4.895 ms
GET /favicon.ico 500 257 - 1.594 ms
GET /favicon.ico 500 257 - 1.589 ms
GET /favicon.ico 500 257 - 2.288 ms
GET /routes 200 635 - 30.963 ms
GET /favicon.ico 500 257 - 20.467 ms
GET /favicon.ico 404 150 - 6.670 ms
GET /favicon.ico 404 150 - 3.641 ms
GET /routes 200 629 - 200.294 ms
GET /favicon.ico 500 257 - 25.699 ms
GET /favicon.ico 500 257 - 22.169 ms
GET /favicon.ico 500 257 - 5.265 ms
GET /favicon.ico 500 257 - 5.384 ms
GET /favicon.ico 500 257 - 2.290 ms
GET /favicon.ico 500 257 - 2.013 ms
GET /favicon.ico 500 257 - 1.453 ms
GET / 200 635 - 50.522 ms
GET /favicon.ico 500 257 - 24.078 ms
GET /add_user 500 248 - 2.741 ms
GET /favicon.ico 500 257 - 2.355 ms
GET / 304 - - 5.322 ms
GET /favicon.ico 500 257 - 2.920 ms
GET /api/users 404 148 - 7.235 ms
GET / 200 530 - 64.285 ms
GET /favicon.ico 500 257 - 22.513 ms
GET /api/users 404 148 - 1.927 ms
GET / 304 - - 12.638 ms
GET /favicon.ico 500 257 - 2.858 ms
GET /api/users 404 148 - 0.696 ms
GET / 304 - - 12.078 ms
GET /favicon.ico 500 257 - 1.890 ms
GET /api/users 404 148 - 2.121 ms
GET / 304 - - 12.828 ms
GET /favicon.ico 500 257 - 1.503 ms
GET / 200 629 - 11766.911 ms
GET /favicon.ico 500 257 - 14.431 ms
GET / 200 629 - 3106.999 ms
GET / 304 - - 2014.323 ms
GET /favicon.ico 500 257 - 2.734 ms
GET / 304 - - 2049.026 ms
GET /favicon.ico 500 257 - 3.598 ms
GET / 200 12 - 2713.125 ms
GET /favicon.ico 500 257 - 13.385 ms
GET / 200 12 - 16041.451 ms
GET / 304 - - 2540.053 ms
GET /favicon.ico 500 257 - 2.629 ms
POST /routes 500 44 - 188.558 ms
POST /routes 500 44 - 180.700 ms
GET /routes/ 500 44 - 164.989 ms
GET /routes/ 500 44 - 169.253 ms
POST /routes 500 44 - 172.453 ms
POST /routes 500 44 - 200.898 ms
POST /routes 500 44 - 150.816 ms
POST /routes 500 44 - 167.741 ms
POST /routes 500 44 - 168.170 ms
POST /routes 500 44 - 158.185 ms
POST /routes 500 44 - 160.365 ms
GET / 404 139 - 5.401 ms
POST / 404 140 - 0.569 ms
POST /routes 500 44 - 271.787 ms
POST /routes 500 44 - 172.323 ms
GET / 404 139 - 0.676 ms
POST /routes 500 44 - 167.289 ms
GET / 404 139 - 6.414 ms
GET / 200 12 - 177.234 ms
GET /favicon.ico 500 257 - 11.418 ms
GET / 304 - - 1667.354 ms
GET /favicon.ico 500 257 - 5.043 ms
POST /routes 404 146 - 3.134 ms
POST /routes 404 146 - 1.320 ms
POST / 201 82 - 251.885 ms
POST / 201 82 - 155.295 ms
POST /api/v1/tasks 404 152 - 5.287 ms
POST / 201 82 - 234.398 ms
POST /? 201 85 - 163.018 ms
POST /? 201 85 - 166.052 ms
POST /? 201 84 - 167.146 ms
GET / 200 463 - 192.344 ms
POST / 201 84 - 188.739 ms
GET / 200 539 - 155.571 ms
GET / 200 539 - 157.623 ms
PATCH /63348afbdf3904eb5996b6a6 200 86 - 193.907 ms
GET / 200 543 - 184.971 ms
GET / 200 543 - 175.240 ms
DELETE /63348afbdf3904eb5996b6a6 200 82 - 191.811 ms
DELETE /63348afbdf3904eb5996b6a6 404 54 - 182.255 ms
GET / 200 469 - 157.534 ms
GET / 404 139 - 6.361 ms
GET /routes 200 469 - 2740.858 ms
POST /routes 201 84 - 205.983 ms
DELETE /routes/63348afbdf3904eb5996b6a6 404 54 - 168.561 ms
GET / 404 139 - 8.788 ms
POST /?name=igono%20joel&email=igonojoel@gmail.com 404 140 - 1.971 ms
POST /?name=igono%20joel&email=igonojoel@gmail.com 404 140 - 1.513 ms
GET / 404 139 - 0.746 ms
GET / 404 139 - 6.612 ms
GET / 404 139 - 1.899 ms
POST / 404 140 - 0.405 ms
POST / 404 140 - 0.338 ms
GET /jan 200 12 - 7.816 ms
GET /routes 200 12 - 1.676 ms
POST /routes?name=igono%20joel&email=igonojoel1010@gmail.com 500 532 - 33.854 ms
POST /routes?name=igono%20joel&email=igonojoel1010@gmail.com 201 105 - 181.190 ms
POST / 201 105 - 238.788 ms
POST / 201 105 - 181.456 ms
GET / 500 2 - 1.433 ms
GET /favicon.ico 500 258 - 17.066 ms
POST //route 200 25 - 8.205 ms
POST / 200 25 - 2.456 ms
POST /route 201 105 - 204.488 ms
POST /route 201 105 - 214.981 ms
POST /rout 400 25 - 0.911 ms
GET / 400 25 - 0.602 ms
GET /favicon.ico 400 25 - 0.733 ms
GET / 400 25 - 11.758 ms
GET /favicon.ico 400 25 - 1.237 ms
GET / 400 25 - 1.119 ms
GET /favicon.ico 400 25 - 0.889 ms
GET / 400 25 - 1.047 ms
GET /favicon.ico 400 25 - 0.724 ms
POST /rout 400 25 - 0.849 ms
POST /rout 400 27 - 8.935 ms
POST /rout 400 34 - 6.152 ms
POST /rout 400 34 - 4.794 ms
POST /route 201 105 - 217.012 ms
POST /rout 400 34 - 0.875 ms
POST /rout 400 34 - 0.848 ms
POST /route 500 702 - 9.500 ms
POST /route 400 337 - 133.506 ms
POST /route 400 30 - 44.014 ms
GET /route 200 593 - 1194.054 ms
GET /route/63ae8f9e9bd1bdbcbcf8fe97 200 105 - 523.024 ms
GET /route/63ae8f9e9bd1bdbcbcf8fe96 404 54 - 136.276 ms
GET /route/63ae8f9e9bd1bdbcbcf8fe97 200 105 - 195.747 ms
GET /route/63ae8f9e9bd1bdbcbcf8fe9 400 30 - 28.328 ms
GET /route/63ae8f9e9bd1bdbcbcf8fe94 400 30 - 153.012 ms
GET /route/63ae8f9e9bd1bdbcbcf8fe94 400 30 - 418.551 ms
GET /route 200 593 - 166.775 ms
GET /route/63ae8f9e9bd1bdbcbcf8fe98 400 30 - 162.255 ms
GET /route/63ae8f9e9bd1bdbcbcf8fe98 400 30 - 203.923 ms
GET /route/63ae8f9e9bd1bdbcbcf8fe98 400 30 - 192.332 ms
GET /route/63ae8f9e9bd1bdbcbcf8fe98 404 20 - 181.781 ms
GET /route/63ae8f9e9bd1bdbcbcf8fe98 404 2 - 200.122 ms
GET /route/63ae8f9e9bd1bdbcbcf8fe98 500 52 - 190.933 ms
GET /route/63ae8f9e9bd1bdbcbcf8fe98 500 52 - 146.601 ms
GET /route/63ae8f9e9bd1bdbcbcf8fe98 500 52 - 153.407 ms
GET /route 200 593 - 300.434 ms
GET / 400 34 - 7.300 ms
GET / 400 34 - 1.107 ms
GET / 400 34 - 0.533 ms
GET / 400 34 - 0.676 ms
GET /rooute 400 34 - 1.115 ms
GET / 400 34 - 0.966 ms
POST /home 201 111 - 523.862 ms
GET /home 200 114 - 539.747 ms
GET /home 200 114 - 3313.012 ms
DELETE /home/643f96b3517c3eaf59d017de - - - - ms
DELETE /home/643f96b3517c3eaf59d017de - - - - ms
DELETE /home 400 34 - 1.669 ms
DELETE /home/643f96b3517c3eaf59d017de - - - - ms
DELETE /home/:643f96b3517c3eaf59d017de 500 52 - 11.201 ms
DELETE /home/643f96b3517c3eaf59d017de - - - - ms
GET /home/643f96b3517c3eaf59d017de - - - - ms
GET /home - - - - ms
GET /home - - - - ms
GET / 400 34 - 0.827 ms
GET /home - - - - ms
POST /home - - - - ms
GET /home 200 12 - 215.316 ms
POST /home 201 319 - 502.197 ms
POST /home 500 52 - 8.860 ms
POST /home 500 52 - 6.149 ms
POST /home 201 267 - 221.629 ms
GET /home 200 581 - 211.666 ms
POST /home/register 201 268 - 649.375 ms
GET /home/register 500 52 - 14.914 ms
GET /home 200 841 - 352.285 ms
POST /home 400 34 - 5.429 ms
POST /home/register 400 34 - 2.280 ms
POST /home/register 400 34 - 2.497 ms
POST /register 500 52 - 425.508 ms
POST /register 500 52 - 438.389 ms
POST /register 500 52 - 415.272 ms
POST /register 500 52 - 444.517 ms
POST /register 500 52 - 412.733 ms
POST /register 500 52 - 9.597 ms
POST /register 500 52 - 2.541 ms
POST /register 500 52 - 1.565 ms
POST /register 500 52 - 7.395 ms
POST /register 500 25 - 278.639 ms
POST /register 500 25 - 274.319 ms
POST /register 500 52 - 342.617 ms
POST /register 201 267 - 310.217 ms
POST /register 500 52 - 319.754 ms
POST /register 500 52 - 11.384 ms
POST /register 500 52 - 9.248 ms
POST /register 500 1884 - 9.632 ms
POST /register 500 1884 - 8.110 ms
POST /register 500 1884 - 1.461 ms
POST /register 500 52 - 332.793 ms
POST /register 500 52 - 244.976 ms
POST /register 500 52 - 378.241 ms
POST /register 500 52 - 534.178 ms
POST /register 500 52 - 351.531 ms
POST /register 201 266 - 407.495 ms
POST /register 201 271 - 260.217 ms
POST /register 201 271 - 285.626 ms
POST /register 201 271 - 221.561 ms
POST /register 201 271 - 334.360 ms
GET /register 500 52 - 13.898 ms
GET / 200 6051 - 332.145 ms
DELETE /643fa3ec1608802734d349bc 200 319 - 307.352 ms
GET / 200 5740 - 317.282 ms
DELETE /643fa42b1608802734d349c0 200 267 - 308.386 ms
GET / 200 5481 - 305.952 ms
DELETE /643fb4fff6503cd8945f9d93 200 268 - 305.945 ms
GET /643fb4fff6503cd8945f9d93 500 52 - 305.018 ms
GET / 200 5221 - 319.015 ms
DELETE /643fdc80df31fad89f8ee2a0 200 271 - 301.748 ms
GET / 200 4958 - 311.391 ms
GET /643fc99f235c1bc9ab91b715 200 268 - 304.431 ms
DELETE /643fc99f235c1bc9ab91b715 200 268 - 295.680 ms
GET / 200 4698 - 306.188 ms
DELETE /643fc9b2235c1bc9ab91b717 200 271 - 294.712 ms
GET / 200 4435 - 483.973 ms
DELETE /643fc9f89795c409d902914b 200 271 - 542.892 ms
GET / 200 4172 - 589.949 ms
DELETE /643fdb678e418b42103d65a1 200 271 - 629.134 ms
GET / 200 3909 - 450.519 ms
DELETE /643fdb638e418b42103d659f 200 271 - 479.684 ms
GET / 200 3646 - 422.737 ms
DELETE /643fdb0540d3eaa7fb3db6e2 200 271 - 348.965 ms
GET / 200 3383 - 400.222 ms
DELETE /643fdaf740d3eaa7fb3db6e0 200 266 - 553.578 ms
GET / 200 3125 - 449.514 ms
DELETE /643fd7cffdcf6f2443c24d98 200 266 - 526.478 ms
GET / 200 2867 - 522.900 ms
DELETE /643fd7bffdcf6f2443c24d96 200 267 - 363.120 ms
GET / 200 2608 - 572.083 ms
DELETE /643fcab49795c409d902914f 200 269 - 413.952 ms
GET / 200 2347 - 516.124 ms
DELETE /643fca0f9795c409d902914d 200 269 - 528.467 ms
GET / 200 2086 - 425.199 ms
DELETE /643fcf7582a754ccaa292d2f 200 270 - 549.783 ms
GET / 200 1824 - 291.933 ms
DELETE /643fcf8b82a754ccaa292d31 200 267 - 479.323 ms
GET / 200 1565 - 567.039 ms
DELETE /643fcfc995a59a714ddd23af 200 267 - 392.226 ms
GET / 200 1306 - 422.315 ms
DELETE /643fcfe86e6c57652adb0ac5 200 267 - 406.255 ms
GET / 200 1047 - 535.394 ms
DELETE /643fd02118de9b54d4787248 200 267 - 430.060 ms
GET / 200 788 - 600.766 ms
DELETE /643fd50642da44c06f0631de 200 267 - 547.937 ms
GET / 200 529 - 559.904 ms
DELETE /643fd653c92be5beb9db3585 200 267 - 550.454 ms
GET / 200 270 - 512.743 ms
DELETE /643fd657c92be5beb9db3587 200 267 - 293.916 ms
GET /643fd657c92be5beb9db3587 500 52 - 492.166 ms
GET / 200 12 - 479.163 ms
GET / 200 12 - 396.271 ms
POST / 400 34 - 0.848 ms
POST /register 201 271 - 415.046 ms
POST /register 201 271 - 293.494 ms
POST /register 201 271 - 431.324 ms
GET /register 500 52 - 1.856 ms
GET / 200 800 - 435.498 ms
DELETE /643fdfe8df31fad89f8ee2d5 200 271 - 429.356 ms
GET / 200 537 - 475.747 ms
DELETE /643fdfecdf31fad89f8ee2d7 200 271 - 408.247 ms
GET / 200 274 - 356.627 ms
GET / 200 274 - 318.784 ms
POST /register 500 52 - 370.112 ms
POST /register 500 52 - 305.946 ms
POST /register 500 52 - 470.306 ms
GET / 200 274 - 321.076 ms
GET /register 500 52 - 7.048 ms
GET /register 500 52 - 19.837 ms
POST /register 500 52 - 313.190 ms
POST /register 500 52 - 370.784 ms
POST /register 201 275 - 316.396 ms
POST /register 500 52 - 294.082 ms
POST /register 500 52 - 300.794 ms
POST /register 500 52 - 309.490 ms
POST /register 201 275 - 607.452 ms
GET / 200 808 - 321.074 ms
GET / 200 808 - 373.522 ms
GET /643fe730cae46aba7c702f00 200 275 - 378.547 ms
DELETE /643fe730cae46aba7c702f00 200 275 - 513.110 ms
POST /register 201 273 - 419.827 ms
POST /register 500 52 - 418.724 ms
GET / 200 806 - 636.086 ms
GET /getdata 200 12 - 314.687 ms
GET /getdata 200 781 - 336.622 ms
GET /getdata 200 781 - 292.484 ms
GET /getdata 200 781 - 298.845 ms
GET /getdata 200 781 - 354.335 ms
GET /getdata 200 781 - 334.535 ms
GET /getdata 200 781 - 405.441 ms
GET /getdata 200 771 - 335.934 ms
GET /getdata 200 771 - 332.465 ms
GET /getdata 200 771 - 309.332 ms
GET /getdata 200 771 - 306.212 ms
GET /getdata 200 771 - 305.410 ms
GET /getdata 200 771 - 315.887 ms
GET /getdata 200 771 - 346.866 ms
GET /getdata 200 771 - 354.929 ms
GET /getdata 200 771 - 291.119 ms
GET /getdata 200 771 - 327.050 ms
GET /getdata 200 771 - 322.271 ms
GET /getdata 200 771 - 357.138 ms
GET /getdata 200 771 - 353.229 ms
GET /getdata 200 771 - 416.295 ms
GET /getdata 200 771 - 371.186 ms
GET /getdata 200 771 - 318.253 ms
GET /getdata 200 771 - 374.153 ms
GET /getdata 200 771 - 532.488 ms
GET /getdata 200 771 - 418.990 ms
GET /getdata 200 771 - 387.244 ms
GET /getdata 200 771 - 530.692 ms
GET /getdata 200 771 - 382.767 ms
GET /getdata 304 - - 373.245 ms
GET /getdata 304 - - 434.032 ms
GET /getdata 200 771 - 654.791 ms
GET /getdata 200 771 - 356.770 ms
GET /getdata 304 - - 596.963 ms
GET /getdata 200 771 - 638.718 ms
GET /getdata 200 771 - 347.347 ms
GET /getdata 200 771 - 471.597 ms
GET /getdata 200 771 - 521.002 ms
GET /getdata 200 771 - 406.596 ms
GET /getdata 200 771 - 467.028 ms
GET /getdata 200 771 - 368.969 ms
GET /getdata 200 771 - 368.801 ms
GET /getdata 200 771 - 442.833 ms
GET /getdata 200 771 - 612.993 ms
GET /profile.png 400 34 - 1.636 ms
GET /profile.png 400 34 - 9.544 ms
GET /getdata 200 771 - 325.176 ms
GET /profile.png 400 34 - 1.642 ms
GET /getdata 200 771 - 336.075 ms
GET /profile.png 400 34 - 1.611 ms
GET /profile.png 400 34 - 8.391 ms
GET /profile.png 400 34 - 7.284 ms
GET /getdata/644033d468d9206db04b2078 200 169 - 359.423 ms
GET /getdata 200 771 - 375.245 ms
GET /getdata 200 771 - 337.613 ms
GET /getdata 200 771 - 378.047 ms
GET /getdata6446581a734dda9a1898da0b 400 34 - 1.724 ms
GET /profile.png 400 34 - 0.915 ms
GET /profile.png 400 34 - 8.027 ms
GET /getdata/6446581a734dda9a1898da0b 200 225 - 339.668 ms
GET /profile.png 400 34 - 7.669 ms
GET /getdata/6446581a734dda9a1898da0b 200 225 - 366.690 ms
GET /profile.png 400 34 - 0.796 ms
GET /getdata/6446581a734dda9a1898da0b 304 - - 316.926 ms
GET /profile.png 400 34 - 5.685 ms
GET /getdata/6446581a734dda9a1898da0b 200 225 - 444.127 ms
GET /profile.png 400 34 - 8.986 ms
GET /profile.png 400 34 - 9.202 ms
GET /getdata/6446581a734dda9a1898da0b 200 225 - 336.210 ms
GET /profile.png 400 34 - 0.615 ms
GET /getdata/6446581a734dda9a1898da0b 304 - - 332.797 ms
GET /profile.png 400 34 - 5.722 ms
GET /getdata/6446581a734dda9a1898da0b 200 225 - 334.420 ms
GET /profile.png 400 34 - 8.282 ms
GET /getdata/6446581a734dda9a1898da0b 200 225 - 338.061 ms
GET /getdata 200 771 - 389.533 ms
GET /profile.png 400 34 - 3.243 ms
GET /getdata/64429f62429dcb50a8e6e391 200 189 - 300.183 ms
GET /getdata 200 771 - 290.930 ms
GET /profile.png 400 34 - 0.920 ms
GET /getdata/6446581a734dda9a1898da0b 304 - - 295.895 ms
GET /getdata 200 771 - 312.373 ms
GET /profile.png 400 34 - 1.036 ms
GET /getdata/644653e1f6c4968e94711a80 200 183 - 290.697 ms
GET /profile.png 400 34 - 7.093 ms
GET /getdata/644653e1f6c4968e94711a80 200 183 - 356.988 ms
GET /getdata 200 771 - 312.888 ms
GET /profile.png 400 34 - 1.960 ms
GET /getdata/64429f62429dcb50a8e6e391 304 - - 295.761 ms
GET /getdata 304 - - 289.456 ms
GET /profile.png 400 34 - 0.588 ms
GET /getdata/6446581a734dda9a1898da0b 304 - - 281.517 ms
GET /getdata 304 - - 281.832 ms
GET /getdata 304 - - 310.383 ms
GET /getdata 200 771 - 1795.793 ms
GET /getdata/6446581a734dda9a1898da0b 200 225 - 337.652 ms
GET /getdata/6446581a734dda9a1898da0b 304 - - 300.015 ms
GET /getdata/6446581a734dda9a1898da0b 200 225 - 359.436 ms
GET /getdata/6446581a734dda9a1898da0b 304 - - 307.397 ms
GET /getdata/6446581a734dda9a1898da0b 304 - - 295.727 ms
GET /getdata/6446581a734dda9a1898da0b 200 225 - 344.734 ms
GET /getdata/6446581a734dda9a1898da0b 200 225 - 343.092 ms
PATCH /edit/update/6446581a734dda9a1898da0b 400 34 - 3.372 ms
GET /getdata/6446581a734dda9a1898da0b 304 - - 300.568 ms
GET /getdata 304 - - 298.332 ms
GET /getdata/6446581a734dda9a1898da0b 304 - - 286.129 ms
PATCH /edit/update/6446581a734dda9a1898da0b 400 34 - 1.080 ms
GET /getdata 304 - - 282.249 ms
GET /getdata 304 - - 310.690 ms
GET /profile.png 400 34 - 4.876 ms
GET /getdata/6446581a734dda9a1898da0b 304 - - 320.997 ms
GET /getdata 304 - - 290.525 ms
GET /getdata/6446581a734dda9a1898da0b 304 - - 289.743 ms
PATCH /edit/update/6446581a734dda9a1898da0b 400 34 - 1.360 ms
GET /getdata/6446581a734dda9a1898da0b 304 - - 1910.118 ms
GET /getdata/6446581a734dda9a1898da0b 304 - - 319.820 ms
GET /getdata/6446581a734dda9a1898da0b 200 225 - 328.929 ms
GET /getdata/6446581a734dda9a1898da0b 200 225 - 334.753 ms
PATCH /edit/update/6446581a734dda9a1898da0b 400 34 - 1.956 ms
GET /getdata 304 - - 304.243 ms
GET /profile.png 400 34 - 1.248 ms
GET /getdata/6446581a734dda9a1898da0b 304 - - 301.448 ms
GET /getdata 304 - - 297.162 ms
GET /profile.png 400 34 - 0.492 ms
GET /getdata/644033d468d9206db04b2078 304 - - 289.699 ms
GET /getdata 304 - - 286.307 ms
GET /getdata 200 771 - 336.026 ms
GET /getdata 200 771 - 337.912 ms
GET /getdata 200 771 - 351.667 ms
GET /profile.png 400 34 - 2.805 ms
GET /getdata/644033d468d9206db04b2078 304 - - 304.211 ms
GET /getdata 304 - - 292.766 ms
GET /profile.png 400 34 - 1.129 ms
GET /getdata/644033d468d9206db04b2078 304 - - 285.372 ms
GET /profile.png 400 34 - 8.657 ms
GET /getdata/644033d468d9206db04b2078 200 169 - 329.114 ms
GET /getdata 304 - - 350.425 ms
GET /profile.png 400 34 - 2.452 ms
GET /getdata/644033d468d9206db04b2078 304 - - 297.219 ms
GET /getdata 304 - - 291.199 ms
GET /getdata/644033d468d9206db04b2078 304 - - 296.330 ms
GET /profile.png 400 34 - 1.838 ms
GET /profile.png 400 34 - 0.756 ms
GET /getdata/644033d468d9206db04b2078 304 - - 290.254 ms
GET /profile.png 400 34 - 1.116 ms
GET /getdata/644033d468d9206db04b2078 500 52 - 30008.489 ms
GET /getdata 200 771 - 364.515 ms
GET /getdata/6446581a734dda9a1898da0b 304 - - 323.258 ms
PATCH /edit/update/6446581a734dda9a1898da0b 400 34 - 3.115 ms
GET /getdata 304 - - 306.082 ms
GET /profile.png 400 34 - 1.480 ms
GET /getdata/6446581a734dda9a1898da0b 304 - - 305.464 ms
GET /getdata 304 - - 547.202 ms
GET /getdata 304 - - 394.426 ms
GET /getdata/6446581a734dda9a1898da0b 304 - - 345.638 ms
GET /getdata 304 - - 347.750 ms
GET /getdata 304 - - 569.980 ms
GET /getdata/644033d468d9206db04b2078 200 169 - 307.494 ms
PATCH /update/644033d468d9206db04b2078 200 176 - 323.385 ms
GET /getdata 200 769 - 390.361 ms
GET /getdata 304 - - 334.084 ms
GET /getdata 200 769 - 411.125 ms
GET /getdata 304 - - 337.073 ms
GET /getdata 200 769 - 358.443 ms
GET /getdata 200 769 - 377.526 ms
DELETE /delete/undefined 500 52 - 7.930 ms
GET /getdata 304 - - 293.944 ms
GET /getdata 200 769 - 546.623 ms
DELETE /delete/undefined 500 52 - 10.763 ms
GET /getdata 304 - - 334.811 ms
DELETE /delete/undefined 500 52 - 3.660 ms
GET /getdata 304 - - 292.850 ms
DELETE /delete/undefined 500 52 - 2.024 ms
GET /getdata 304 - - 376.083 ms
DELETE /delete/undefined 500 52 - 1.870 ms
GET /getdata 304 - - 315.516 ms
GET /getdata 304 - - 339.783 ms
GET /getdata 200 769 - 347.118 ms
DELETE /delete/undefined 500 52 - 13.051 ms
GET /getdata 304 - - 401.631 ms
DELETE /delete/undefined 500 52 - 2.626 ms
GET /getdata 304 - - 349.020 ms
GET /getdata 304 - - 322.675 ms
DELETE /delete/644033d468d9206db04b2078 200 167 - 380.526 ms
GET / 400 34 - 1.639 ms
GET /getdata 200 601 - 313.914 ms
DELETE /delete/undefined 500 52 - 7.579 ms
GET /getdata 200 601 - 293.496 ms
DELETE /delete/undefined 500 52 - 2.702 ms
GET /getdata 304 - - 311.805 ms
DELETE /delete/undefined 500 52 - 2.048 ms
GET /getdata 304 - - 309.435 ms
GET /getdata 304 - - 303.608 ms
GET /getdata 200 601 - 493.333 ms
DELETE /delete/6446581a734dda9a1898da0b 200 225 - 332.750 ms
GET /getdata 200 375 - 295.578 ms
DELETE /delete/644653e1f6c4968e94711a80 200 183 - 302.841 ms
GET /getdata 200 191 - 318.273 ms
GET /profile.png 400 34 - 1.112 ms
GET /getdata/64429f62429dcb50a8e6e391 304 - - 333.153 ms
GET /getdata 304 - - 386.018 ms
GET /profile.png 400 34 - 1.196 ms
GET /getdata/64429f62429dcb50a8e6e391 304 - - 346.993 ms
GET /getdata/64429f62429dcb50a8e6e391 200 189 - 480.487 ms
GET /getdata/64429f62429dcb50a8e6e391 200 189 - 357.649 ms
GET /getdata/64429f62429dcb50a8e6e391 304 - - 457.354 ms
GET /getdata/64429f62429dcb50a8e6e391 200 189 - 373.903 ms
GET /getdata/64429f62429dcb50a8e6e391 200 189 - 360.773 ms
GET /getdata/64429f62429dcb50a8e6e391 304 - - 315.948 ms
GET /getdata/64429f62429dcb50a8e6e391 200 189 - 337.778 ms
GET /getdata/64429f62429dcb50a8e6e391 304 - - 411.405 ms
GET /getdata/64429f62429dcb50a8e6e391 304 - - 300.208 ms
PATCH /update/64429f62429dcb50a8e6e391 200 203 - 548.816 ms
GET /getdata 200 196 - 355.640 ms
GET /getdata 200 196 - 372.682 ms
GET /getdata/64429f62429dcb50a8e6e391 200 194 - 520.564 ms
DELETE /delete/64429f62429dcb50a8e6e391 200 194 - 302.445 ms
GET /getdata/64429f62429dcb50a8e6e391 500 52 - 314.879 ms
DELETE /delete/undefined 500 52 - 3.775 ms
GET /getdata/64429f62429dcb50a8e6e391 500 52 - 525.506 ms
GET /getdata 200 2 - 375.470 ms
POST /register 201 187 - 448.706 ms
GET /getdata 200 189 - 509.282 ms
GET /getdata/6454f953b92931683fbea560 200 187 - 422.356 ms
DELETE /delete/undefined 500 52 - 19.158 ms
GET /getdata/6454f953b92931683fbea560 200 187 - 449.440 ms
DELETE /delete/6454f953b92931683fbea560 200 187 - 392.449 ms
GET /getdata/6454f953b92931683fbea560 500 52 - 368.176 ms
GET /getdata/6454f953b92931683fbea560 500 52 - 464.125 ms
GET /getdata/6454f953b92931683fbea560 500 52 - 429.761 ms
GET /getdata/6454f953b92931683fbea560 500 52 - 354.276 ms
GET /getdata/6454f953b92931683fbea560 500 52 - 487.822 ms
GET /getdata 200 2 - 582.430 ms
GET /getdata 304 - - 439.176 ms
POST /register 201 182 - 502.672 ms
GET /getdata 200 184 - 492.067 ms
GET /getdata/6454f9f972c7c22fe86e2cab 200 182 - 405.759 ms
GET /getdata/6454f9f972c7c22fe86e2cab 304 - - 527.680 ms
PATCH /update/6454f9f972c7c22fe86e2cab 200 190 - 466.617 ms
GET /getdata 200 183 - 444.212 ms
GET /getdata/6454f9f972c7c22fe86e2cab 200 181 - 450.986 ms
GET /getdata 304 - - 538.749 ms
DELETE /delete/6454f9f972c7c22fe86e2cab 200 181 - 354.423 ms
GET /getdata 200 2 - 431.446 ms
GET /getdata/6454f9f972c7c22fe86e2cab 500 52 - 334.693 ms
GET /getdata/6454f9f972c7c22fe86e2cab 500 52 - 357.877 ms
GET /getdata 304 - - 539.341 ms
GET /getdata 304 - - 393.993 ms
POST /register 201 178 - 435.927 ms
GET /getdata 200 180 - 543.587 ms
DELETE /delete/6454fbf52b2f1e4c10f52a97 200 178 - 445.697 ms
GET /getdata 200 2 - 491.756 ms
POST /register 201 181 - 493.853 ms
GET /getdata 200 183 - 452.020 ms
DELETE /delete/6454ff2414bd844e0c43746e 200 181 - 414.083 ms
POST /register 201 174 - 451.629 ms
POST /register 201 177 - 369.252 ms
GET /getdata 200 354 - 405.037 ms
DELETE /delete/645500f73effa135140d7dee 200 174 - 420.067 ms
GET /getdata 200 179 - 437.032 ms
DELETE /delete/645501073effa135140d7df0 200 177 - 398.974 ms
DELETE /delete/645501073effa135140d7df0 500 52 - 525.347 ms
GET /getdata 200 2 - 474.475 ms
POST /register 201 67 - 329.505 ms
POST /register 201 68 - 333.162 ms
POST /register 201 69 - 365.358 ms
GET /main.aa99a6bfbcac2282a654.hot-update.json 400 34 - 6.730 ms
